生成启动时间为 2016/11/21 16:34:16。
项目“C:\UserFiles\Projects\STISPLoader\STISPLoader\STISPLoader.vcxproj”在节点 2 上(Build 个目标)。
ClCompile:
  C:\Program Files (x86)\Microsoft Visual Studio 12.0\VC\bin\CL.exe /c /ZI /nologo /W3 /WX- /sdl- /Od /Oy- /D WIN32 /D _WINDOWS /D _DEBUG /D _MBCS /D _AFXDLL /Gm /EHsc /RTC1 /MDd /GS /fp:precise /Zc:wchar_t /Zc:forScope /Yu"stdafx.h" /Fp"Debug\STISPLoader.pch" /Fo"Debug\\" /Fd"Debug\vc120.pdb" /Gd /TP /analyze- /errorReport:prompt STISPLoader.cpp STISPLoaderDlg.cpp
  STISPLoaderDlg.cpp
  正在生成代码...
  正在编译...
  STISPLoader.cpp
  正在生成代码...
ResourceCompile:
  C:\Program Files (x86)\Windows Kits\8.1\bin\x86\rc.exe /D _DEBUG /D _AFXDLL /l"0x0804" /IDebug\ /nologo /fo"Debug\STISPLoader.res" STISPLoader.rc 
Link:
  C:\Program Files (x86)\Microsoft Visual Studio 12.0\VC\bin\link.exe /ERRORREPORT:PROMPT /OUT:"C:\UserFiles\Projects\STISPLoader\Debug\STISPLoader.exe" /INCREMENTAL /NOLOGO /MANIFEST /MANIFESTUAC:"level='asInvoker' uiAccess='false'" /manifest:embed /manifestinput:"C:\Program Files (x86)\Microsoft Visual Studio 12.0\VC\Include\Manifest\dpiaware.manifest" /DEBUG /PDB:"C:\UserFiles\Projects\STISPLoader\Debug\STISPLoader.pdb" /SUBSYSTEM:WINDOWS /TLBID:1 /DYNAMICBASE /NXCOMPAT /IMPLIB:"C:\UserFiles\Projects\STISPLoader\Debug\STISPLoader.lib" /MACHINE:X86 Debug\STISPLoader.res
  Debug\Files.obj
  Debug\Image.obj
  Debug\Ini.obj
  Debug\rs232.obj
  Debug\stdafx.obj
  Debug\STISPLoader.obj
  Debug\STISPLoaderDlg.obj
  Debug\STUARTBLLIB.obj
  STISPLoader.vcxproj -> C:\UserFiles\Projects\STISPLoader\Debug\STISPLoader.exe
已完成生成项目“C:\UserFiles\Projects\STISPLoader\STISPLoader\STISPLoader.vcxproj”(Build 个目标)的操作。

生成成功。

已用时间 00:00:02.03
